<?xml version="1.0" encoding="UTF-8"?>
<!-- Generated by org.testng.reporters.JUnitXMLReporter -->
<testsuite ignored="1" hostname="Sarin" failures="0" tests="5" name="All Tests" time="23.283" errors="0" timestamp="2023-03-13T13:25:39 SGT">
  <testcase classname="automationtest.tests.LoginTest" name="login" time="0.528"/>
  <testcase classname="automationtest.tests.HomeTest" name="checkIfMenuPresent" time="0.385"/>
  <testcase classname="automationtest.tests.MedicineTest" name="createNewMedicine" time="1.683"/>
  <testcase classname="automationtest.tests.TasksTest" name="createNewTask" time="1.553"/>
  <testcase classname="automationtest.tests.JobsTest" name="createNewJob" time="2.541"/>
  <testcase classname="automationtest.tests.LoginTest" name="registerUser" time="0.0">
    <ignored/>
  </testcase> <!-- registerUser -->
</testsuite> <!-- All Tests -->
