<?xml version="1.0" encoding="UTF-8"?>
<!-- Generated by org.testng.reporters.JUnitXMLReporter -->
<testsuite ignored="5" hostname="Sarin" failures="3" tests="3" name="LoginTest" time="12.89" errors="0" timestamp="2023-03-11T18:53:30 SGT">
  <testcase classname="base.BaseTest" name="@AfterMethod afterMethod" time="0.002">
    <failure type="java.lang.NullPointerException" message="Cannot invoke &amp;quot;com.aventstack.extentreports.ExtentTest.log(com.aventstack.extentreports.Status, com.aventstack.extentreports.markuputils.Markup)&amp;quot; because &amp;quot;this.logger&amp;quot; is null">
      <![CDATA[java.lang.NullPointerException: Cannot invoke "com.aventstack.extentreports.ExtentTest.log(com.aventstack.extentreports.Status, com.aventstack.extentreports.markuputils.Markup)" because "this.logger" is null
at base.BaseTest.afterMethod(BaseTest.java:99)
at java.base/java.util.ArrayList.forEach(ArrayList.java:1511)
... Removed 32 stack frames]]>
    </failure>
  </testcase> <!-- @AfterMethod afterMethod -->
  <testcase classname="base.BaseTest" name="@AfterMethod afterMethod" time="0.0">
    <failure type="java.lang.NullPointerException" message="Cannot invoke &amp;quot;com.aventstack.extentreports.ExtentTest.log(com.aventstack.extentreports.Status, com.aventstack.extentreports.markuputils.Markup)&amp;quot; because &amp;quot;this.logger&amp;quot; is null">
      <![CDATA[java.lang.NullPointerException: Cannot invoke "com.aventstack.extentreports.ExtentTest.log(com.aventstack.extentreports.Status, com.aventstack.extentreports.markuputils.Markup)" because "this.logger" is null
at base.BaseTest.afterMethod(BaseTest.java:99)
at java.base/java.util.ArrayList.forEach(ArrayList.java:1511)
... Removed 32 stack frames]]>
    </failure>
  </testcase> <!-- @AfterMethod afterMethod -->
  <testcase classname="automationtest.automationtest.LoginTest" name="login" time="0.017">
    <failure type="java.lang.NullPointerException" message="Cannot invoke &amp;quot;automationtest.automationtest.LoginPage.signInAsUser(String, String)&amp;quot; because &amp;quot;this.loginPage&amp;quot; is null">
      <![CDATA[java.lang.NullPointerException: Cannot invoke "automationtest.automationtest.LoginPage.signInAsUser(String, String)" because "this.loginPage" is null
at automationtest.automationtest.LoginTest.login(LoginTest.java:20)
at java.base/java.util.ArrayList.forEach(ArrayList.java:1511)
... Removed 27 stack frames]]>
    </failure>
  </testcase> <!-- login -->
  <testcase classname="automationtest.automationtest.HomeTest" name="checkIfMenuPresent" time="0.005">
    <failure type="java.lang.NullPointerException" message="Cannot invoke &amp;quot;automationtest.automationtest.HomePage.isEntityPresent()&amp;quot; because &amp;quot;this.homePage&amp;quot; is null">
      <![CDATA[java.lang.NullPointerException: Cannot invoke "automationtest.automationtest.HomePage.isEntityPresent()" because "this.homePage" is null
at automationtest.automationtest.HomeTest.checkIfMenuPresent(HomeTest.java:15)
at java.base/java.util.ArrayList.forEach(ArrayList.java:1511)
... Removed 27 stack frames]]>
    </failure>
  </testcase> <!-- checkIfMenuPresent -->
  <testcase classname="automationtest.automationtest.MedicineTest" name="createNewMedicine" time="0.005">
    <failure type="java.lang.NullPointerException" message="Cannot invoke &amp;quot;automationtest.automationtest.MedicinePage.createNewMedicine()&amp;quot; because &amp;quot;this.medicinePage&amp;quot; is null">
      <![CDATA[java.lang.NullPointerException: Cannot invoke "automationtest.automationtest.MedicinePage.createNewMedicine()" because "this.medicinePage" is null
at automationtest.automationtest.MedicineTest.createNewMedicine(MedicineTest.java:17)
at java.base/java.util.ArrayList.forEach(ArrayList.java:1511)
... Removed 27 stack frames]]>
    </failure>
  </testcase> <!-- createNewMedicine -->
  <testcase classname="base.BaseTest" name="@BeforeTest beforeTest" time="0.0">
    <ignored/>
  </testcase> <!-- @BeforeTest beforeTest -->
  <testcase classname="base.BaseTest" name="@BeforeTest beforeTest" time="0.0">
    <ignored/>
  </testcase> <!-- @BeforeTest beforeTest -->
  <testcase classname="base.BaseTest" name="@AfterTest afterTest" time="0.0">
    <ignored/>
  </testcase> <!-- @AfterTest afterTest -->
  <testcase classname="base.BaseTest" name="@AfterTest afterTest" time="0.0">
    <ignored/>
  </testcase> <!-- @AfterTest afterTest -->
  <testcase classname="automationtest.automationtest.LoginTest" name="registerUser" time="0.0">
    <ignored/>
  </testcase> <!-- registerUser -->
</testsuite> <!-- LoginTest -->
